<?xml version="1.0" encoding="UTF-8"?>
<!-- Generated by org.testng.reporters.JUnitReportReporter -->
<testsuite hostname="CBR-LAP-LEN3051" name="com.googelmaps.apiTest.PracticeTestNGAnotherSubClass" tests="1" failures="0" timestamp="3 May 2020 06:03:00 GMT" time="0.004" errors="0">
  <testcase name="profileValidationTest" time="0.004" classname="com.googelmaps.apiTest.PracticeTestNGAnotherSubClass"/>
</testsuite> <!-- com.googelmaps.apiTest.PracticeTestNGAnotherSubClass -->
