<?xml version="1.0" encoding="UTF-8"?>
<!-- Generated by org.testng.reporters.JUnitReportReporter -->
<testsuite hostname="CBR-LAP-LEN3051" name="com.petsore.api.VerifyCreatedPetResource" tests="1" failures="0" timestamp="19 Apr 2020 06:53:53 GMT" time="2.982" errors="0">
  <testcase name="validateStatusCodeAndNameGetPetById" time="2.982" classname="com.petsore.api.VerifyCreatedPetResource"/>
</testsuite> <!-- com.petsore.api.VerifyCreatedPetResource -->
