<?xml version="1.0" encoding="UTF-8"?>
<!-- Generated by org.testng.reporters.JUnitReportReporter -->
<testsuite hostname="CBR-LAP-LEN3051" name="com.hilton.enterpriseAPI.AppTest" tests="1" failures="0" timestamp="15 Mar 2020 19:23:53 GMT" time="0.023" errors="0">
  <testcase name="testApp" time="0.023" classname="com.hilton.enterpriseAPI.AppTest"/>
</testsuite> <!-- com.hilton.enterpriseAPI.AppTest -->
