<?xml version="1.0" encoding="UTF-8"?>
<!-- Generated by org.testng.reporters.JUnitReportReporter -->
<testsuite hostname="CBR-LAP-LEN3051" name="practicePack.GETDistanceMatrix" tests="3" failures="0" timestamp="15 Mar 2020 21:39:10 GMT" time="2.633" errors="0">
  <testcase name="validateDistanceMatrixResponseStatus" time="0.330" classname="practicePack.GETDistanceMatrix"/>
  <testcase name="validateResponseBodyAttributes" time="0.870" classname="practicePack.GETDistanceMatrix"/>
  <testcase name="getResponseBody" time="1.433" classname="practicePack.GETDistanceMatrix"/>
</testsuite> <!-- practicePack.GETDistanceMatrix -->
