<?xml version="1.0" encoding="UTF-8"?>
<!-- Generated by org.testng.reporters.JUnitReportReporter -->
<testsuite hostname="CBR-LAP-LEN3051" name="com.googelmaps.api.GooglePlaceAPIValidationTest" tests="1" failures="0" timestamp="30 Apr 2020 14:04:52 GMT" time="3.941" errors="0">
  <testcase name="getResponsePlaceAPI" time="3.941" classname="com.googelmaps.api.GooglePlaceAPIValidationTest"/>
</testsuite> <!-- com.googelmaps.api.GooglePlaceAPIValidationTest -->
