<?xml version="1.0" encoding="UTF-8"?>
<!-- Generated by org.testng.reporters.JUnitReportReporter -->
<testsuite hostname="CBR-LAP-LEN3051" name="com.petsore.api.PetStorePostOperations" tests="1" failures="0" timestamp="19 Apr 2020 05:52:19 GMT" time="2.421" errors="0">
  <testcase name="createPet" time="2.421" classname="com.petsore.api.PetStorePostOperations"/>
</testsuite> <!-- com.petsore.api.PetStorePostOperations -->
