<?xml version="1.0" encoding="UTF-8"?>
<!-- Generated by org.testng.reporters.JUnitReportReporter -->
<testsuite hostname="CBR-LAP-LEN3051" name="com.googelmaps.apiTest.PracticeTestNGSubClass" tests="2" failures="0" timestamp="3 May 2020 06:03:00 GMT" time="0.043" errors="0">
  <testcase name="loginTest" time="0.038" classname="com.googelmaps.apiTest.PracticeTestNGSubClass"/>
  <testcase name="userRegistrationTest" time="0.005" classname="com.googelmaps.apiTest.PracticeTestNGSubClass"/>
</testsuite> <!-- com.googelmaps.apiTest.PracticeTestNGSubClass -->
