<?xml version="1.0" encoding="UTF-8"?>
<!-- Generated by org.testng.reporters.JUnitReportReporter -->
<testsuite hostname="CBR-LAP-LEN3051" name="com.googelmaps.api.GetResponseDistanceMatrixAPITest" tests="1" failures="0" timestamp="30 Apr 2020 12:24:18 GMT" time="3.573" errors="0">
  <testcase name="validateResponseBody" time="3.573" classname="com.googelmaps.api.GetResponseDistanceMatrixAPITest"/>
</testsuite> <!-- com.googelmaps.api.GetResponseDistanceMatrixAPITest -->
