<?xml version="1.0" encoding="UTF-8"?>
<!-- Generated by org.testng.reporters.JUnitReportReporter -->
<testsuite hostname="CBR-LAP-LEN3051" name="com.googelmaps.api.GooglePlaceAPIValidation" tests="1" failures="0" timestamp="25 Apr 2020 06:54:38 GMT" time="2.992" errors="0">
  <testcase name="getResponsePlaceAPI" time="2.992" classname="com.googelmaps.api.GooglePlaceAPIValidation"/>
</testsuite> <!-- com.googelmaps.api.GooglePlaceAPIValidation -->
