<?xml version="1.0" encoding="UTF-8"?>
<!-- Generated by org.testng.reporters.JUnitReportReporter -->
<testsuite hostname="CBR-LAP-LEN3051" name="com.googelmaps.apiTest.GooglePlaceAPIValidationTest" tests="1" failures="0" timestamp="1 May 2020 08:14:57 GMT" time="2.058" errors="0">
  <testcase name="getResponsePlaceAPI" time="2.058" classname="com.googelmaps.apiTest.GooglePlaceAPIValidationTest"/>
</testsuite> <!-- com.googelmaps.apiTest.GooglePlaceAPIValidationTest -->
