<?xml version="1.0" encoding="UTF-8"?>
<!-- Generated by org.testng.reporters.JUnitReportReporter -->
<testsuite hostname="CBR-LAP-LEN3051" name="com.googelmaps.apiTest.GetResponseDistanceMatrixAPITest" tests="1" failures="0" timestamp="1 May 2020 08:14:57 GMT" time="3.130" errors="0">
  <testcase name="validateResponseBody" time="3.130" classname="com.googelmaps.apiTest.GetResponseDistanceMatrixAPITest"/>
</testsuite> <!-- com.googelmaps.apiTest.GetResponseDistanceMatrixAPITest -->
